<?xml version="1.0" encoding="UTF-8"?>
<!-- Generated by org.testng.reporters.JUnitReportReporter -->
<testsuite skipped="0" hostname="IBM-Testing01" name="gridPackage.GridDemo" tests="1" failures="0" timestamp="14 Jan 2020 11:14:39 GMT" time="17.699" errors="0">
  <testcase name="verifylogin" time="17.699" classname="gridPackage.GridDemo"/>
</testsuite> <!-- gridPackage.GridDemo -->
